<?xml version="1.0" encoding="utf-8"?><testsuites name="pytest tests"><testsuite name="pytest" errors="0" failures="0" skipped="2" tests="17" time="25.910" timestamp="2026-03-24T06:44:29.041634+00:00" hostname="agent-env-f6807946-ee62-438f-8392-9389122ae7d9"><testcase classname="backend.tests.test_new_features.TestHealthCheck" name="test_api_health" time="0.263" /><testcase classname="backend.tests.test_new_features.TestProgressSync" name="test_get_progress_unknown_device" time="0.456" /><testcase classname="backend.tests.test_new_features.TestProgressSync" name="test_save_and_get_progress" time="0.000"><skipped type="pytest.skip" message="DB schema issue: player_progress.user_id has NOT NULL FK constraint to profiles table">/app/backend/tests/test_new_features.py:65: DB schema issue: player_progress.user_id has NOT NULL FK constraint to profiles table</skipped></testcase><testcase classname="backend.tests.test_new_features.TestProgressSync" name="test_update_existing_progress" time="0.000"><skipped type="pytest.skip" message="DB schema issue: player_progress.user_id has NOT NULL FK constraint to profiles table">/app/backend/tests/test_new_features.py:111: DB schema issue: player_progress.user_id has NOT NULL FK constraint to profiles table</skipped></testcase><testcase classname="backend.tests.test_new_features.TestLeaderboard" name="test_get_leaderboard_all_games" time="0.351" /><testcase classname="backend.tests.test_new_features.TestLeaderboard" name="test_get_leaderboard_filtered_by_game" time="0.358" /><testcase classname="backend.tests.test_new_features.TestLeaderboard" name="test_get_leaderboard_games_list" time="0.347" /><testcase classname="backend.tests.test_new_features.TestLeaderboard" name="test_submit_score" time="0.349" /><testcase classname="backend.tests.test_new_features.TestLeaderboard" name="test_leaderboard_limit" time="0.355" /><testcase classname="backend.tests.test_new_features.TestGerryChat" name="test_gerry_chat_basic" time="3.783" /><testcase classname="backend.tests.test_new_features.TestGerryChat" name="test_gerry_chat_web3_topic" time="1.510" /><testcase classname="backend.tests.test_new_features.TestGerryChat" name="test_gerry_chat_nft_topic" time="1.448" /><testcase classname="backend.tests.test_new_features.TestGerryChat" name="test_gerry_chat_different_heroes" time="9.899" /><testcase classname="backend.tests.test_new_features.TestGerryChat" name="test_gerry_chat_hint_request" time="1.745" /><testcase classname="backend.tests.test_new_features.TestExistingEndpoints" name="test_newsletter_subscribe" time="0.669" /><testcase classname="backend.tests.test_new_features.TestExistingEndpoints" name="test_site_content" time="0.372" /><testcase classname="backend.tests.test_new_features.TestExistingEndpoints" name="test_rls_verify" time="3.903" /></testsuite></testsuites>