<?xml version="1.0" encoding="utf-8"?><testsuites name="pytest tests"><testsuite name="pytest" errors="0" failures="0" skipped="0" tests="21" time="19.330" timestamp="2026-03-16T03:59:46.393439+00:00" hostname="agent-env-f6807946-ee62-438f-8392-9389122ae7d9"><testcase classname="backend.tests.test_rls_policies.TestHealthCheck" name="test_api_health_check" time="0.146" /><testcase classname="backend.tests.test_rls_policies.TestNewsletterSubscribe" name="test_newsletter_subscribe_new_email" time="0.674" /><testcase classname="backend.tests.test_rls_policies.TestNewsletterSubscribe" name="test_newsletter_duplicate_email" time="0.929" /><testcase classname="backend.tests.test_rls_policies.TestNewsletterSubscribe" name="test_newsletter_invalid_email" time="0.110" /><testcase classname="backend.tests.test_rls_policies.TestNewsletterSubscribe" name="test_newsletter_subscribers_list_admin" time="0.421" /><testcase classname="backend.tests.test_rls_policies.TestSiteContent" name="test_get_all_content" time="0.350" /><testcase classname="backend.tests.test_rls_policies.TestSiteContent" name="test_get_videos" time="0.346" /><testcase classname="backend.tests.test_rls_policies.TestSiteContent" name="test_get_books" time="0.341" /><testcase classname="backend.tests.test_rls_policies.TestSiteContent" name="test_get_games" time="0.418" /><testcase classname="backend.tests.test_rls_policies.TestGameStats" name="test_get_game_stats_nonexistent" time="0.353" /><testcase classname="backend.tests.test_rls_policies.TestGameStats" name="test_create_game_stats_via_put" time="0.597" /><testcase classname="backend.tests.test_rls_policies.TestRlsAudit" name="test_rls_audit_endpoint" time="8.202" /><testcase classname="backend.tests.test_rls_policies.TestRlsAudit" name="test_rls_verify_endpoint" time="3.205" /><testcase classname="backend.tests.test_rls_policies.TestRlsAudit" name="test_rls_sql_endpoint" time="0.151" /><testcase classname="backend.tests.test_rls_policies.TestDirectSupabaseAccess" name="test_direct_newsletter_insert" time="0.606" /><testcase classname="backend.tests.test_rls_policies.TestDirectSupabaseAccess" name="test_direct_scores_read" time="0.290" /><testcase classname="backend.tests.test_rls_policies.TestDirectSupabaseAccess" name="test_direct_scores_insert" time="0.602" /><testcase classname="backend.tests.test_rls_policies.TestDirectSupabaseAccess" name="test_direct_game_progress_insert" time="0.592" /><testcase classname="backend.tests.test_rls_policies.TestDirectSupabaseAccess" name="test_direct_site_content_read" time="0.296" /><testcase classname="backend.tests.test_rls_policies.TestDirectSupabaseAccess" name="test_direct_unified_games_read" time="0.295" /><testcase classname="backend.tests.test_rls_policies.TestDirectSupabaseAccess" name="test_direct_factions_read" time="0.292" /></testsuite></testsuites>