<?xml version="1.0" encoding="utf-8"?><testsuites name="pytest tests"><testsuite name="pytest" errors="0" failures="0" skipped="0" tests="15" time="13.885" timestamp="2026-03-24T07:18:30.781173+00:00" hostname="agent-env-0a0dcc63-3e56-41c0-a8e2-bbb56bde7f2f"><testcase classname="backend.tests.test_leaderboard_profile.TestHealthCheck" name="test_api_health" time="0.157" /><testcase classname="backend.tests.test_leaderboard_profile.TestProfileEndpoints" name="test_get_profile_new_device" time="0.930" /><testcase classname="backend.tests.test_leaderboard_profile.TestProfileEndpoints" name="test_set_profile_name" time="1.151" /><testcase classname="backend.tests.test_leaderboard_profile.TestProfileEndpoints" name="test_update_profile_name" time="1.991" /><testcase classname="backend.tests.test_leaderboard_profile.TestProfileEndpoints" name="test_profile_name_truncation" time="0.803" /><testcase classname="backend.tests.test_leaderboard_profile.TestProfileEndpoints" name="test_profile_empty_name_rejected" time="0.113" /><testcase classname="backend.tests.test_leaderboard_profile.TestScoreSubmission" name="test_submit_score_success" time="0.574" /><testcase classname="backend.tests.test_leaderboard_profile.TestScoreSubmission" name="test_submit_score_appears_on_leaderboard" time="1.149" /><testcase classname="backend.tests.test_leaderboard_profile.TestScoreSubmission" name="test_submit_higher_score_updates" time="1.163" /><testcase classname="backend.tests.test_leaderboard_profile.TestScoreSubmission" name="test_submit_lower_score_keeps_higher" time="0.907" /><testcase classname="backend.tests.test_leaderboard_profile.TestLeaderboardRetrieval" name="test_get_leaderboard_all_games" time="0.594" /><testcase classname="backend.tests.test_leaderboard_profile.TestLeaderboardRetrieval" name="test_get_leaderboard_with_game_filter" time="0.559" /><testcase classname="backend.tests.test_leaderboard_profile.TestLeaderboardRetrieval" name="test_leaderboard_has_demo_and_real_entries" time="1.174" /><testcase classname="backend.tests.test_leaderboard_profile.TestLeaderboardRetrieval" name="test_get_game_list" time="0.570" /><testcase classname="backend.tests.test_leaderboard_profile.TestIntegration" name="test_full_flow_set_name_then_submit_score" time="1.980" /></testsuite></testsuites>